<?xml version="1.0" encoding="UTF-8"?>
<testng-results skipped="0" failed="0" total="1" passed="1">
  <reporter-output>
  </reporter-output>
  <suite name="Tests" duration-ms="7591" started-at="2016-05-04T15:59:29Z" finished-at="2016-05-04T15:59:36Z">
    <groups>
    </groups>
    <test name="Test1" duration-ms="7591" started-at="2016-05-04T15:59:29Z" finished-at="2016-05-04T15:59:36Z">
      <class name="ua.st.pinta.Login">
        <test-method status="PASS" signature="setUp()[pri:0, instance:ua.st.pinta.Login@4411d970]" name="setUp" is-config="true" duration-ms="2475" started-at="2016-05-04T18:59:29Z" finished-at="2016-05-04T18:59:31Z">
          <reporter-output>
          </reporter-output>
        </test-method> <!-- setUp -->
        <test-method status="PASS" signature="Login()[pri:0, instance:ua.st.pinta.Login@4411d970]" name="Login" duration-ms="5039" started-at="2016-05-04T18:59:31Z" finished-at="2016-05-04T18:59:36Z">
          <reporter-output>
          </reporter-output>
        </test-method> <!-- Login -->
        <test-method status="PASS" signature="tearDown()[pri:0, instance:ua.st.pinta.Login@4411d970]" name="tearDown" is-config="true" duration-ms="68" started-at="2016-05-04T18:59:36Z" finished-at="2016-05-04T18:59:36Z">
          <reporter-output>
          </reporter-output>
        </test-method> <!-- tearDown -->
      </class> <!-- ua.st.pinta.Login -->
    </test> <!-- Test1 -->
  </suite> <!-- Tests -->
</testng-results>
