<?xml version="1.0" encoding="UTF-8"?>
<testng-results skipped="0" failed="0" total="1" passed="1">
  <reporter-output>
  </reporter-output>
  <suite name="Tests" duration-ms="18602" started-at="2016-05-05T09:16:32Z" finished-at="2016-05-05T09:16:51Z">
    <groups>
    </groups>
    <test name="Test1" duration-ms="18602" started-at="2016-05-05T09:16:32Z" finished-at="2016-05-05T09:16:51Z">
      <class name="com.st.pinta.Login">
        <test-method status="PASS" signature="setUp()[pri:0, instance:com.st.pinta.Login@4411d970]" name="setUp" is-config="true" duration-ms="2722" started-at="2016-05-05T12:16:32Z" finished-at="2016-05-05T12:16:35Z">
          <reporter-output>
          </reporter-output>
        </test-method> <!-- setUp -->
        <test-method status="PASS" signature="Login()[pri:0, instance:com.st.pinta.Login@4411d970]" name="Login" duration-ms="15796" started-at="2016-05-05T12:16:35Z" finished-at="2016-05-05T12:16:51Z">
          <reporter-output>
          </reporter-output>
        </test-method> <!-- Login -->
        <test-method status="PASS" signature="tearDown()[pri:0, instance:com.st.pinta.Login@4411d970]" name="tearDown" is-config="true" duration-ms="72" started-at="2016-05-05T12:16:51Z" finished-at="2016-05-05T12:16:51Z">
          <reporter-output>
          </reporter-output>
        </test-method> <!-- tearDown -->
      </class> <!-- com.st.pinta.Login -->
    </test> <!-- Test1 -->
  </suite> <!-- Tests -->
</testng-results>
